#
# A fatal error has been detected by the Java Runtime Environment:
#
#  EXCEPTION_UNCAUGHT_CXX_EXCEPTION (0xe06d7363) at pc=0x00007ffbf1889149, pid=9184, tid=8692
#
# JRE version: OpenJDK Runtime Environment (14.0.2+12) (build 14.0.2+12-46)
# Java VM: OpenJDK 64-Bit Server VM (14.0.2+12-46, mixed mode, tiered, compressed oops, g1 gc, windows-amd64)
# Problematic frame:
# C  [KERNELBASE.dll+0x39149]
#
# No core dump will be written. Minidumps are not enabled by default on client versions of Windows
#
# If you would like to submit a bug report, please visit:
#   https://bugreport.java.com/bugreport/crash.jsp
#

---------------  S U M M A R Y ------------

Command Line: -Dfile.encoding=UTF-8 -XX:+ShowCodeDetailsInExceptionMessages iscae.TransferargenApplication

Host: Intel(R) Celeron(R) CPU  N2805  @ 1.46GHz, 2 cores, 1G,  Windows 10 , 64 bit Build 17763 (10.0.17763.379)
Time: Thu Feb 11 21:05:35 2021 Greenwich elapsed time: 71 seconds (0d 0h 1m 11s)

---------------  T H R E A D  ---------------

Current thread (0x000001866093a800):  JavaThread "main" [_thread_in_vm, id=8692, stack(0x0000005b14200000,0x0000005b14300000)]

Stack: [0x0000005b14200000,0x0000005b14300000],  sp=0x0000005b142fe310,  free space=1016k
Native frames: (J=compiled Java code, j=interpreted, Vv=VM code, C=native code)
C  [KERNELBASE.dll+0x39149]
C  [VCRUNTIME140.dll+0x485d]
C  [jimage.dll+0x36e3]
C  [jimage.dll+0x2a45]
C  [jimage.dll+0x146b]
C  [jimage.dll+0x1ec7]
C  [jimage.dll+0x1f5e]
C  [jimage.dll+0x2696]
V  [jvm.dll+0x1c390b]
V  [jvm.dll+0x1c25b0]
V  [jvm.dll+0x6cbe9a]
V  [jvm.dll+0x6cd469]
V  [jvm.dll+0x6cd97d]
V  [jvm.dll+0x6cd7c3]
V  [jvm.dll+0x206e08]
V  [jvm.dll+0x336131]
C  0x0000018665ddec71

Java frames: (J=compiled Java code, j=interpreted, Vv=VM code)
j  jdk.internal.module.SystemModulesMap.defaultSystemModules()Ljdk/internal/module/SystemModules;+0 java.base
j  jdk.internal.module.SystemModuleFinders.systemModules(Ljava/lang/String;)Ljdk/internal/module/SystemModules;+10 java.base
j  jdk.internal.module.ModuleBootstrap.boot()Ljava/lang/ModuleLayer;+203 java.base
j  java.lang.System.initPhase2(ZZ)I+0 java.base
v  ~StubRoutines::call_stub

siginfo: EXCEPTION_UNCAUGHT_CXX_EXCEPTION (0xe06d7363), ExceptionInformation=0x0000000019930520 0x0000005b142fe480 0x00007ffbe7d950a8 0x00007ffbe7d90000 


Register to memory mapping:

RIP=0x00007ffbf1889149 KERNELBASE.dll
RAX=0x00007ffbb6f1c8d8 jvm.dll
RBX=0x00007ffbe7d950a8 jimage.dll
RCX=0x0 is NULL
RDX=0x00007ffb78858430 is an unknown value
RSP=0x0000005b142fe310 is pointing into the stack for thread: 0x000001866093a800
RBP=0x0000005b142fe450 is pointing into the stack for thread: 0x000001866093a800
RSI=0x000001866239fdeb points into unknown readable memory: fa fa fe ca df
RDI=0x0000005b142fe480 is pointing into the stack for thread: 0x000001866093a800
R8 =0x0000000000000001 is an unknown value
R9 =0x00000000b0000000 is an unknown value
R10=0x00007ffbb6fafd31 jvm.dll
R11=0x00000186609362f0 points into unknown readable memory: 00 00 00 00 00 00 00 00
R12=0x0000000000012d23 is an unknown value
R13=0x0000018660946940 points into unknown readable memory: 58 2d 18 b7 fb 7f 00 00
R14=0x00000186791b47d0 points into unknown readable memory: 6a 61 76 61 2f 6e 65 74
R15=0x00000186791b47d0 points into unknown readable memory: 6a 61 76 61 2f 6e 65 74


Registers:
RAX=0x00007ffbb6f1c8d8, RBX=0x00007ffbe7d950a8, RCX=0x0000000000000000, RDX=0x00007ffb78858430
RSP=0x0000005b142fe310, RBP=0x0000005b142fe450, RSI=0x000001866239fdeb, RDI=0x0000005b142fe480
R8 =0x0000000000000001, R9 =0x00000000b0000000, R10=0x00007ffbb6fafd31, R11=0x00000186609362f0
R12=0x0000000000012d23, R13=0x0000018660946940, R14=0x00000186791b47d0, R15=0x00000186791b47d0
RIP=0x00007ffbf1889149, EFLAGS=0x0000000000000206

Top of Stack: (sp=0x0000005b142fe310)
0x0000005b142fe310:   0000000000000000 00007ffbe7d950a8
0x0000005b142fe320:   000001866239fdeb 0000005b142fe480
0x0000005b142fe330:   00000001e06d7363 0000000000000000
0x0000005b142fe340:   00007ffbf1889149 0000000000000004
0x0000005b142fe350:   0000000019930520 0000005b142fe480
0x0000005b142fe360:   00007ffbe7d950a8 00007ffbe7d90000
0x0000005b142fe370:   0000018660946940 0000000000012d23
0x0000005b142fe380:   0000005b142fe480 000001866239fdeb
0x0000005b142fe390:   0000005b142fe450 00007ffbf4a348af
0x0000005b142fe3a0:   0000005b142fe460 0000000000000000
0x0000005b142fe3b0:   0000000000000000 0000005b142fe3c0
0x0000005b142fe3c0:   00007ffbe7d97000 00007ffbe7d90000
0x0000005b142fe3d0:   0000e14b1e5e3e12 000000010002e7f0
0x0000005b142fe3e0:   00007ffbe7d950a8 00007ffbe3c9485d
0x0000005b142fe3f0:   000000010002f088 00007ffbf4a19860
0x0000005b142fe400:   0000479aeff74422 00007ffbf1b017e1 

Instructions: (pc=0x00007ffbf1889149)
0x00007ffbf1889049:   4c 8d 05 48 7e 1f 00 33 d2 b9 00 00 10 00 e8 f4
0x00007ffbf1889059:   db 03 00 4c 8b f0 48 89 44 24 60 48 85 c0 0f 84
0x00007ffbf1889069:   dc fd ff ff 4c 8d 05 0c 7e 1f 00 33 d2 8d 4a 02
0x00007ffbf1889079:   e8 d2 db 03 00 48 8b f8 48 89 44 24 58 e9 be fd
0x00007ffbf1889089:   ff ff 45 33 c0 49 8b d7 48 83 c9 ff e8 06 1e 03
0x00007ffbf1889099:   00 e9 09 ff ff ff 48 8b 0d 4a 49 22 00 e8 c5 f0
0x00007ffbf18890a9:   ff ff 48 8b cf e8 0d 59 fe ff e9 f9 fe ff ff 49
0x00007ffbf18890b9:   8b ce e8 00 59 fe ff e9 f5 fe ff ff 48 8b ce e8
0x00007ffbf18890c9:   f3 58 fe ff e9 f1 fe ff ff cc cc cc cc cc cc cc
0x00007ffbf18890d9:   cc cc cc cc cc cc cc 48 81 ec d8 00 00 00 48 8b
0x00007ffbf18890e9:   05 c2 1f 22 00 48 33 c4 48 89 84 24 c0 00 00 00
0x00007ffbf18890f9:   48 83 64 24 28 00 48 8d 05 da ff ff ff 83 e2 01
0x00007ffbf1889109:   89 4c 24 20 89 54 24 24 48 89 44 24 30 4d 85 c9
0x00007ffbf1889119:   74 4b b8 0f 00 00 00 48 8d 4c 24 40 44 3b c0 49
0x00007ffbf1889129:   8b d1 44 0f 47 c0 44 89 44 24 38 49 c1 e0 03 e8
0x00007ffbf1889139:   5a 17 05 00 48 8d 4c 24 20 48 ff 15 8f 21 16 00
0x00007ffbf1889149:   0f 1f 44 00 00 48 8b 8c 24 c0 00 00 00 48 33 cc
0x00007ffbf1889159:   e8 62 e2 04 00 48 81 c4 d8 00 00 00 c3 83 64 24
0x00007ffbf1889169:   38 00 eb d0 cc cc cc cc cc cc cc cc cc cc cc cc
0x00007ffbf1889179:   cc cc cc cc cc cc cc 4c 8b dc 49 89 5b 10 49 89
0x00007ffbf1889189:   73 18 57 48 83 ec 60 33 c0 49 89 43 b8 49 89 43
0x00007ffbf1889199:   c0 48 8d 35 d7 74 16 00 33 db 48 85 c9 48 0f 45
0x00007ffbf18891a9:   f1 48 8b d6 49 8d 4b c8 48 ff 15 00 20 16 00 0f
0x00007ffbf18891b9:   1f 44 00 00 8b f8 89 44 24 70 85 c0 78 1f 41 b0
0x00007ffbf18891c9:   01 48 8d 54 24 30 48 8d 4c 24 20 48 ff 15 7d 19
0x00007ffbf18891d9:   16 00 0f 1f 44 00 00 8b f8 89 44 24 70 85 ff 0f
0x00007ffbf18891e9:   88 90 3c 06 00 48 83 c8 ff 48 8b c8 48 ff c1 66
0x00007ffbf18891f9:   39 1c 4e 75 f7 48 ff c1 48 89 4c 24 40 48 89 74
0x00007ffbf1889209:   24 48 48 8b 4c 24 28 48 ff c0 38 1c 01 75 f8 48
0x00007ffbf1889219:   ff c0 48 89 44 24 50 48 89 4c 24 58 4c 8d 4c 24
0x00007ffbf1889229:   40 33 d2 b9 0a 00 01 40 44 8d 42 04 e8 a6 fe ff
0x00007ffbf1889239:   ff eb 0e 48 8b 4c 24 28 e8 ea fa ff ff 8b 7c 24 


Stack slot to memory mapping:
stack at sp + 0 slots: 0x0 is NULL
stack at sp + 1 slots: 0x00007ffbe7d950a8 jimage.dll
stack at sp + 2 slots: 0x000001866239fdeb points into unknown readable memory: fa fa fe ca df
stack at sp + 3 slots: 0x0000005b142fe480 is pointing into the stack for thread: 0x000001866093a800
stack at sp + 4 slots: 0x00000001e06d7363 is an unknown value
stack at sp + 5 slots: 0x0 is NULL
stack at sp + 6 slots: 0x00007ffbf1889149 KERNELBASE.dll
stack at sp + 7 slots: 0x0000000000000004 is an unknown value


---------------  P R O C E S S  ---------------

Threads class SMR info:
_java_thread_list=0x0000018678fe2c50, length=9, elements={
0x000001866093a800, 0x0000018678fb8800, 0x0000018678fba000, 0x0000018678fe1800,
0x0000018678fe6000, 0x0000018678fe7000, 0x0000018678fe8000, 0x000001867901f000,
0x0000018679023000
}

Java Threads: ( => current thread )
=>0x000001866093a800 JavaThread "main" [_thread_in_vm, id=8692, stack(0x0000005b14200000,0x0000005b14300000)]
  0x0000018678fb8800 JavaThread "Reference Handler" daemon [_thread_blocked, id=7144, stack(0x0000005b14900000,0x0000005b14a00000)]
  0x0000018678fba000 JavaThread "Finalizer" daemon [_thread_blocked, id=7488, stack(0x0000005b14a00000,0x0000005b14b00000)]
  0x0000018678fe1800 JavaThread "Signal Dispatcher" daemon [_thread_blocked, id=8276, stack(0x0000005b14b00000,0x0000005b14c00000)]
  0x0000018678fe6000 JavaThread "Attach Listener" daemon [_thread_blocked, id=3288, stack(0x0000005b14c00000,0x0000005b14d00000)]
  0x0000018678fe7000 JavaThread "Service Thread" daemon [_thread_blocked, id=5856, stack(0x0000005b14d00000,0x0000005b14e00000)]
  0x0000018678fe8000 JavaThread "C2 CompilerThread0" daemon [_thread_blocked, id=9060, stack(0x0000005b14e00000,0x0000005b14f00000)]
  0x000001867901f000 JavaThread "C1 CompilerThread0" daemon [_thread_blocked, id=7696, stack(0x0000005b14f00000,0x0000005b15000000)]
  0x0000018679023000 JavaThread "Sweeper thread" daemon [_thread_blocked, id=7568, stack(0x0000005b15000000,0x0000005b15100000)]

Other Threads:
  0x0000018678fac000 VMThread "VM Thread" [stack: 0x0000005b14800000,0x0000005b14900000] [id=8564]
  0x0000018660961000 GCTaskThread "GC Thread#0" [stack: 0x0000005b14300000,0x0000005b14400000] [id=6436]
  0x0000018660966800 ConcurrentGCThread "G1 Main Marker" [stack: 0x0000005b14400000,0x0000005b14500000] [id=9212]
  0x0000018660968800 ConcurrentGCThread "G1 Conc#0" [stack: 0x0000005b14500000,0x0000005b14600000] [id=744]
  0x00000186609a4000 ConcurrentGCThread "G1 Refine#0" [stack: 0x0000005b14600000,0x0000005b14700000] [id=8540]
  0x00000186609a6000 ConcurrentGCThread "G1 Young RemSet Sampling" [stack: 0x0000005b14700000,0x0000005b14800000] [id=8648]

Threads with active compile tasks:

VM state:not at safepoint (normal execution)

VM Mutex/Monitor currently owned by a thread: None

Heap address: 0x00000000e1e00000, size: 482 MB, Compressed Oops mode: 32-bit
Narrow klass base: 0x0000000000000000, Narrow klass shift: 3
Compressed class space size: 1073741824 Address: 0x0000000100000000

Heap:
 garbage-first heap   total 32768K, used 0K [0x00000000e1e00000, 0x0000000100000000)
  region size 1024K, 1 young (1024K), 0 survivors (0K)
 Metaspace       used 2397K, capacity 4480K, committed 4480K, reserved 1056768K
  class space    used 188K, capacity 384K, committed 384K, reserved 1048576K
Heap Regions: E=young(eden), S=young(survivor), O=old, HS=humongous(starts), HC=humongous(continues), CS=collection set, F=free, OA=open archive, CA=closed archive, TAMS=top-at-mark-start (previous, next)
|   0|0x00000000e1e00000, 0x00000000e1e00000, 0x00000000e1f00000|  0%| F|  |TAMS 0x00000000e1e00000, 0x00000000e1e00000| Untracked 
|   1|0x00000000e1f00000, 0x00000000e1f00000, 0x00000000e2000000|  0%| F|  |TAMS 0x00000000e1f00000, 0x00000000e1f00000| Untracked 
|   2|0x00000000e2000000, 0x00000000e2000000, 0x00000000e2100000|  0%| F|  |TAMS 0x00000000e2000000, 0x00000000e2000000| Untracked 
|   3|0x00000000e2100000, 0x00000000e2100000, 0x00000000e2200000|  0%| F|  |TAMS 0x00000000e2100000, 0x00000000e2100000| Untracked 
|   4|0x00000000e2200000, 0x00000000e2200000, 0x00000000e2300000|  0%| F|  |TAMS 0x00000000e2200000, 0x00000000e2200000| Untracked 
|   5|0x00000000e2300000, 0x00000000e2300000, 0x00000000e2400000|  0%| F|  |TAMS 0x00000000e2300000, 0x00000000e2300000| Untracked 
|   6|0x00000000e2400000, 0x00000000e2400000, 0x00000000e2500000|  0%| F|  |TAMS 0x00000000e2400000, 0x00000000e2400000| Untracked 
|   7|0x00000000e2500000, 0x00000000e2500000, 0x00000000e2600000|  0%| F|  |TAMS 0x00000000e2500000, 0x00000000e2500000| Untracked 
|   8|0x00000000e2600000, 0x00000000e2600000, 0x00000000e2700000|  0%| F|  |TAMS 0x00000000e2600000, 0x00000000e2600000| Untracked 
|   9|0x00000000e2700000, 0x00000000e2700000, 0x00000000e2800000|  0%| F|  |TAMS 0x00000000e2700000, 0x00000000e2700000| Untracked 
|  10|0x00000000e2800000, 0x00000000e2800000, 0x00000000e2900000|  0%| F|  |TAMS 0x00000000e2800000, 0x00000000e2800000| Untracked 
|  11|0x00000000e2900000, 0x00000000e2900000, 0x00000000e2a00000|  0%| F|  |TAMS 0x00000000e2900000, 0x00000000e2900000| Untracked 
|  12|0x00000000e2a00000, 0x00000000e2a00000, 0x00000000e2b00000|  0%| F|  |TAMS 0x00000000e2a00000, 0x00000000e2a00000| Untracked 
|  13|0x00000000e2b00000, 0x00000000e2b00000, 0x00000000e2c00000|  0%| F|  |TAMS 0x00000000e2b00000, 0x00000000e2b00000| Untracked 
|  14|0x00000000e2c00000, 0x00000000e2c00000, 0x00000000e2d00000|  0%| F|  |TAMS 0x00000000e2c00000, 0x00000000e2c00000| Untracked 
|  15|0x00000000e2d00000, 0x00000000e2d00000, 0x00000000e2e00000|  0%| F|  |TAMS 0x00000000e2d00000, 0x00000000e2d00000| Untracked 
|  16|0x00000000e2e00000, 0x00000000e2e00000, 0x00000000e2f00000|  0%| F|  |TAMS 0x00000000e2e00000, 0x00000000e2e00000| Untracked 
|  17|0x00000000e2f00000, 0x00000000e2f00000, 0x00000000e3000000|  0%| F|  |TAMS 0x00000000e2f00000, 0x00000000e2f00000| Untracked 
|  18|0x00000000e3000000, 0x00000000e3000000, 0x00000000e3100000|  0%| F|  |TAMS 0x00000000e3000000, 0x00000000e3000000| Untracked 
|  19|0x00000000e3100000, 0x00000000e3100000, 0x00000000e3200000|  0%| F|  |TAMS 0x00000000e3100000, 0x00000000e3100000| Untracked 
|  20|0x00000000e3200000, 0x00000000e3200000, 0x00000000e3300000|  0%| F|  |TAMS 0x00000000e3200000, 0x00000000e3200000| Untracked 
|  21|0x00000000e3300000, 0x00000000e3300000, 0x00000000e3400000|  0%| F|  |TAMS 0x00000000e3300000, 0x00000000e3300000| Untracked 
|  22|0x00000000e3400000, 0x00000000e3400000, 0x00000000e3500000|  0%| F|  |TAMS 0x00000000e3400000, 0x00000000e3400000| Untracked 
|  23|0x00000000e3500000, 0x00000000e3500000, 0x00000000e3600000|  0%| F|  |TAMS 0x00000000e3500000, 0x00000000e3500000| Untracked 
|  24|0x00000000e3600000, 0x00000000e3600000, 0x00000000e3700000|  0%| F|  |TAMS 0x00000000e3600000, 0x00000000e3600000| Untracked 
|  25|0x00000000e3700000, 0x00000000e3700000, 0x00000000e3800000|  0%| F|  |TAMS 0x00000000e3700000, 0x00000000e3700000| Untracked 
|  26|0x00000000e3800000, 0x00000000e3800000, 0x00000000e3900000|  0%| F|  |TAMS 0x00000000e3800000, 0x00000000e3800000| Untracked 
|  27|0x00000000e3900000, 0x00000000e3900000, 0x00000000e3a00000|  0%| F|  |TAMS 0x00000000e3900000, 0x00000000e3900000| Untracked 
|  28|0x00000000e3a00000, 0x00000000e3a00000, 0x00000000e3b00000|  0%| F|  |TAMS 0x00000000e3a00000, 0x00000000e3a00000| Untracked 
|  29|0x00000000e3b00000, 0x00000000e3b00000, 0x00000000e3c00000|  0%| F|  |TAMS 0x00000000e3b00000, 0x00000000e3b00000| Untracked 
|  30|0x00000000e3c00000, 0x00000000e3c00000, 0x00000000e3d00000|  0%| F|  |TAMS 0x00000000e3c00000, 0x00000000e3c00000| Untracked 
|  31|0x00000000e3d00000, 0x00000000e3d41730, 0x00000000e3e00000| 25%| E|  |TAMS 0x00000000e3d00000, 0x00000000e3d00000| Complete 

Card table byte_map: [0x00000186752d0000,0x00000186753d0000] _byte_map_base: 0x0000018674bc1000

Marking Bits (Prev, Next): (CMBitMap*) 0x0000018660961c78, (CMBitMap*) 0x0000018660961cb8
 Prev Bits: [0x00000186754d0000, 0x0000018675c58000)
 Next Bits: [0x0000018675c60000, 0x00000186763e8000)

Polling page: 0x0000018660a00000

Metaspace:

Usage:
  Non-class:      4.00 MB capacity,     2.16 MB ( 54%) used,     1.84 MB ( 46%) free+waste,    64 bytes ( <1%) overhead. 
      Class:    384.00 KB capacity,   188.59 KB ( 49%) used,   195.34 KB ( 51%) free+waste,    64 bytes ( <1%) overhead. 
       Both:      4.38 MB capacity,     2.34 MB ( 54%) used,     2.03 MB ( 46%) free+waste,   128 bytes ( <1%) overhead. 

Virtual space:
  Non-class space:        8.00 MB reserved,       4.00 MB ( 50%) committed 
      Class space:        1.00 GB reserved,     384.00 KB ( <1%) committed 
             Both:        1.01 GB reserved,       4.38 MB ( <1%) committed 

Chunk freelists:
   Non-Class:  0 bytes
       Class:  0 bytes
        Both:  0 bytes

MaxMetaspaceSize: 17179869184.00 GB
CompressedClassSpaceSize: 1.00 GB

CodeHeap 'non-profiled nmethods': size=120064Kb used=0Kb max_used=0Kb free=120064Kb
 bounds [0x000001866d880000, 0x000001866daf0000, 0x0000018674dc0000]
CodeHeap 'profiled nmethods': size=120000Kb used=1Kb max_used=1Kb free=119998Kb
 bounds [0x0000018666350000, 0x00000186665c0000, 0x000001866d880000]
CodeHeap 'non-nmethods': size=5696Kb used=1014Kb max_used=1018Kb free=4681Kb
 bounds [0x0000018665dc0000, 0x0000018666030000, 0x0000018666350000]
 total_blobs=230 nmethods=2 adapters=143
 compilation: enabled
              stopped_count=0, restarted_count=0
 full_count=0

Compilation events (4 events):
Event: 60.724 Thread 0x000001867901f000    1       3       java.lang.String::isLatin1 (19 bytes)
Event: 60.725 Thread 0x000001867901f000 nmethod 1 0x0000018666350010 code [0x00000186663501a0, 0x0000018666350318]
Event: 60.806 Thread 0x000001867901f000    2       3       java.lang.Object::<init> (1 bytes)
Event: 60.806 Thread 0x000001867901f000 nmethod 2 0x0000018666350390 code [0x0000018666350520, 0x0000018666350618]

GC Heap History (0 events):
No events

Deoptimization events (0 events):
No events

Classes unloaded (0 events):
No events

Classes redefined (0 events):
No events

Internal exceptions (0 events):
No events

Events (20 events):
Event: 60.772 loading class jdk/internal/access/JavaLangModuleAccess
Event: 60.772 loading class jdk/internal/access/JavaLangModuleAccess done
Event: 60.772 loading class java/lang/module/ModuleDescriptor$1 done
Event: 60.773 loading class jdk/internal/module/ModulePatcher
Event: 60.806 loading class jdk/internal/module/ModulePatcher done
Event: 60.807 loading class java/util/ImmutableCollections$SetN
Event: 60.832 loading class java/util/ImmutableCollections$SetN done
Event: 60.832 loading class jdk/internal/module/ArchivedModuleGraph
Event: 60.960 loading class jdk/internal/module/ArchivedModuleGraph done
Event: 60.961 loading class jdk/internal/module/SystemModuleFinders
Event: 61.125 loading class jdk/internal/module/SystemModuleFinders done
Event: 61.125 loading class java/net/URI
Event: 61.178 loading class java/net/URI done
Event: 61.179 loading class java/net/URI$1
Event: 61.179 loading class jdk/internal/access/JavaNetUriAccess
Event: 61.179 loading class jdk/internal/access/JavaNetUriAccess done
Event: 61.179 loading class java/net/URI$1 done
Event: 61.179 loading class jdk/internal/module/SystemModulesMap
Event: 61.236 loading class jdk/internal/module/SystemModulesMap done
Event: 61.236 loading class jdk/internal/module/SystemModules$default


Dynamic libraries:
0x00007ff7f8050000 - 0x00007ff7f805d000 	C:\gg\sts-4.8.0.RELEASE\plugins\org.eclipse.justj.openjdk.hotspot.jre.full.win32.x86_64_14.0.2.v20200815-0932\jre\bin\javaw.exe
0x00007ffbf49c0000 - 0x00007ffbf4bad000 	C:\Windows\SYSTEM32\ntdll.dll
0x00007ffbf3500000 - 0x00007ffbf35b3000 	C:\Windows\System32\KERNEL32.DLL
0x00007ffbf1850000 - 0x00007ffbf1ae3000 	C:\Windows\System32\KERNELBASE.dll
0x00007ffbf1af0000 - 0x00007ffbf1bea000 	C:\Windows\System32\ucrtbase.dll
0x00007ffbe3cb0000 - 0x00007ffbe3cc8000 	C:\gg\sts-4.8.0.RELEASE\plugins\org.eclipse.justj.openjdk.hotspot.jre.full.win32.x86_64_14.0.2.v20200815-0932\jre\bin\jli.dll
0x00007ffbf4640000 - 0x00007ffbf47d7000 	C:\Windows\System32\USER32.dll
0x00007ffbf1040000 - 0x00007ffbf1060000 	C:\Windows\System32\win32u.dll
0x00007ffbf3680000 - 0x00007ffbf36a9000 	C:\Windows\System32\GDI32.dll
0x00007ffbf0db0000 - 0x00007ffbf0f4a000 	C:\Windows\System32\gdi32full.dll
0x00007ffbf0fa0000 - 0x00007ffbf1040000 	C:\Windows\System32\msvcp_win.dll
0x00007ffbe3c90000 - 0x00007ffbe3ca5000 	C:\gg\sts-4.8.0.RELEASE\plugins\org.eclipse.justj.openjdk.hotspot.jre.full.win32.x86_64_14.0.2.v20200815-0932\jre\bin\VCRUNTIME140.dll
0x00007ffbe27d0000 - 0x00007ffbe2a49000 	C:\Windows\WinSxS\amd64_microsoft.windows.common-controls_6595b64144ccf1df_6.0.17763.379_none_05b83be8071c94a1\COMCTL32.dll
0x00007ffbf41e0000 - 0x00007ffbf427e000 	C:\Windows\System32\msvcrt.dll
0x00007ffbf1bf0000 - 0x00007ffbf1f1d000 	C:\Windows\System32\combase.dll
0x00007ffbf37c0000 - 0x00007ffbf38e2000 	C:\Windows\System32\RPCRT4.dll
0x00007ffbf17d0000 - 0x00007ffbf184e000 	C:\Windows\System32\bcryptPrimitives.dll
0x00007ffbf45a0000 - 0x00007ffbf45ce000 	C:\Windows\System32\IMM32.DLL
0x00007ffbe3bf0000 - 0x00007ffbe3c8b000 	C:\gg\sts-4.8.0.RELEASE\plugins\org.eclipse.justj.openjdk.hotspot.jre.full.win32.x86_64_14.0.2.v20200815-0932\jre\bin\msvcp140.dll
0x00007ffbb6950000 - 0x00007ffbb746e000 	C:\gg\sts-4.8.0.RELEASE\plugins\org.eclipse.justj.openjdk.hotspot.jre.full.win32.x86_64_14.0.2.v20200815-0932\jre\bin\server\jvm.dll
0x00007ffbf1f20000 - 0x00007ffbf1fc3000 	C:\Windows\System32\ADVAPI32.dll
0x00007ffbf4090000 - 0x00007ffbf412e000 	C:\Windows\System32\sechost.dll
0x00007ffbf34f0000 - 0x00007ffbf34f8000 	C:\Windows\System32\PSAPI.DLL
0x00007ffbe7da0000 - 0x00007ffbe7da9000 	C:\Windows\SYSTEM32\WSOCK32.dll
0x00007ffbf45d0000 - 0x00007ffbf463d000 	C:\Windows\System32\WS2_32.dll
0x00007ffbeeb90000 - 0x00007ffbeebb4000 	C:\Windows\SYSTEM32\WINMM.dll
0x00007ffbe0120000 - 0x00007ffbe012a000 	C:\Windows\SYSTEM32\VERSION.dll
0x00007ffbeeb60000 - 0x00007ffbeeb8d000 	C:\Windows\SYSTEM32\WINMMBASE.dll
0x00007ffbf0f50000 - 0x00007ffbf0f9a000 	C:\Windows\System32\cfgmgr32.dll
0x00007ffbf09e0000 - 0x00007ffbf09f1000 	C:\Windows\System32\kernel.appcore.dll
0x00007ffbe7d90000 - 0x00007ffbe7d9a000 	C:\gg\sts-4.8.0.RELEASE\plugins\org.eclipse.justj.openjdk.hotspot.jre.full.win32.x86_64_14.0.2.v20200815-0932\jre\bin\jimage.dll
0x00007ffbdf3f0000 - 0x00007ffbdf5dd000 	C:\Windows\SYSTEM32\DBGHELP.DLL
0x00007ffbdf3b0000 - 0x00007ffbdf3da000 	C:\Windows\SYSTEM32\dbgcore.DLL
0x00007ffbb89f0000 - 0x00007ffbb8a15000 	C:\gg\sts-4.8.0.RELEASE\plugins\org.eclipse.justj.openjdk.hotspot.jre.full.win32.x86_64_14.0.2.v20200815-0932\jre\bin\java.dll
0x00007ffbe4f20000 - 0x00007ffbe4f36000 	C:\gg\sts-4.8.0.RELEASE\plugins\org.eclipse.justj.openjdk.hotspot.jre.full.win32.x86_64_14.0.2.v20200815-0932\jre\bin\zip.dll
0x00007ffbf1fe0000 - 0x00007ffbf34d0000 	C:\Windows\System32\SHELL32.dll
0x00007ffbf4130000 - 0x00007ffbf41d8000 	C:\Windows\System32\shcore.dll
0x00007ffbf1080000 - 0x00007ffbf17ca000 	C:\Windows\System32\windows.storage.dll
0x00007ffbf0a60000 - 0x00007ffbf0a84000 	C:\Windows\System32\profapi.dll
0x00007ffbf0a00000 - 0x00007ffbf0a5d000 	C:\Windows\System32\powrprof.dll
0x00007ffbf36b0000 - 0x00007ffbf3702000 	C:\Windows\System32\shlwapi.dll
0x00007ffbf1060000 - 0x00007ffbf1077000 	C:\Windows\System32\cryptsp.dll

dbghelp: loaded successfully - version: 4.0.5 - missing functions: none
symbol engine: initialized successfully - sym options: 0x614 - pdb path: .;C:\gg\sts-4.8.0.RELEASE\plugins\org.eclipse.justj.openjdk.hotspot.jre.full.win32.x86_64_14.0.2.v20200815-0932\jre\bin;C:\Windows\SYSTEM32;C:\Windows\WinSxS\amd64_microsoft.windows.common-controls_6595b64144ccf1df_6.0.17763.379_none_05b83be8071c94a1;C:\gg\sts-4.8.0.RELEASE\plugins\org.eclipse.justj.openjdk.hotspot.jre.full.win32.x86_64_14.0.2.v20200815-0932\jre\bin\server

VM Arguments:
jvm_args: -Dfile.encoding=UTF-8 -XX:+ShowCodeDetailsInExceptionMessages 
java_command: iscae.TransferargenApplication
java_class_path (initial): C:\Users\hp\Documents\workspace-spring-tool-suite-4-4.8.0.RELEASE\transferargen\target\test-classes;C:\Users\hp\Documents\workspace-spring-tool-suite-4-4.8.0.RELEASE\transferargen\target\classes;C:\Users\hp\.m2\repository\org\springframework\boot\spring-boot-starter-thymeleaf\2.4.2\spring-boot-starter-thymeleaf-2.4.2.jar;C:\Users\hp\.m2\repository\org\springframework\boot\spring-boot-starter\2.4.2\spring-boot-starter-2.4.2.jar;C:\Users\hp\.m2\repository\org\springframework\boot\spring-boot\2.4.2\spring-boot-2.4.2.jar;C:\Users\hp\.m2\repository\org\springframework\boot\spring-boot-autoconfigure\2.4.2\spring-boot-autoconfigure-2.4.2.jar;C:\Users\hp\.m2\repository\org\springframework\boot\spring-boot-starter-logging\2.4.2\spring-boot-starter-logging-2.4.2.jar;C:\Users\hp\.m2\repository\ch\qos\logback\logback-classic\1.2.3\logback-classic-1.2.3.jar;C:\Users\hp\.m2\repository\ch\qos\logback\logback-core\1.2.3\logback-core-1.2.3.jar;C:\Users\hp\.m2\repository\org\apache\logging\log4j\log4j-to-slf4j\2.13.3\log4j-to-slf4j-2.13.3.jar;C:\Users\hp\.m2\repository\org\apache\logging\log4j\log4j-api\2.13.3\log4j-api-2.13.3.jar;C:\Users\hp\.m2\repository\org\slf4j\jul-to-slf4j\1.7.30\jul-to-slf4j-1.7.30.jar;C:\Users\hp\.m2\repository\jakarta\annotation\jakarta.annotation-api\1.3.5\jakarta.annotation-api-1.3.5.jar;C:\Users\hp\.m2\repository\org\yaml\snakeyaml\1.27\snakeyaml-1.27.jar;C:\Users\hp\.m2\repository\org\thymeleaf\thymeleaf-spring5\3.0.12.RELEASE\thymeleaf-spring5-3.0.12.RELEASE.jar;C:\Users\hp\.m2\repository\org\thymeleaf\thymeleaf\3.0.12.RELEASE\thymeleaf-3.0.12.RELEASE.jar;C:\Users\hp\.m2\repository\org\attoparser\attoparser\2.0.5.RELEASE\attoparser-2.0.5.RELEASE.jar;C:\Users\hp\.m2\repository\org\unbescape\unbescape\1.1.6.RELEASE\unbescape-1.1.6.RELEASE.jar;C:\Users\hp\.m2\repository\org\slf4j\slf4j-api\1.7.30\slf4j-api-1.7.30.jar;C:\Users\hp\.m2\repository\org\thymeleaf\extras\thymeleaf-extras-java8time\3.0.4.RELEASE\thymeleaf-extras-java8
Launcher Type: SUN_STANDARD

[Global flags]
     intx CICompilerCount                          = 2                                         {product} {ergonomic}
     uint ConcGCThreads                            = 1                                         {product} {ergonomic}
     uint G1ConcRefinementThreads                  = 2                                         {product} {ergonomic}
   size_t G1HeapRegionSize                         = 1048576                                   {product} {ergonomic}
    uintx GCDrainStackTargetSize                   = 64                                        {product} {ergonomic}
   size_t InitialHeapSize                          = 33554432                                  {product} {ergonomic}
   size_t MarkStackSize                            = 4194304                                   {product} {ergonomic}
   size_t MaxHeapSize                              = 505413632                                 {product} {ergonomic}
   size_t MaxNewSize                               = 303038464                                 {product} {ergonomic}
   size_t MinHeapDeltaBytes                        = 1048576                                   {product} {ergonomic}
   size_t MinHeapSize                              = 8388608                                   {product} {ergonomic}
    uintx NonNMethodCodeHeapSize                   = 5826188                                {pd product} {ergonomic}
    uintx NonProfiledCodeHeapSize                  = 122916026                              {pd product} {ergonomic}
    uintx ProfiledCodeHeapSize                     = 122916026                              {pd product} {ergonomic}
    uintx ReservedCodeCacheSize                    = 251658240                              {pd product} {ergonomic}
     bool SegmentedCodeCache                       = true                                      {product} {ergonomic}
     bool ShowCodeDetailsInExceptionMessages       = true                                   {manageable} {command line}
   size_t SoftMaxHeapSize                          = 505413632                              {manageable} {ergonomic}
     bool UseCompressedClassPointers               = true                                 {lp64_product} {ergonomic}
     bool UseCompressedOops                        = true                                 {lp64_product} {ergonomic}
     bool UseG1GC                                  = true                                      {product} {ergonomic}
     bool UseLargePagesIndividualAllocation        = false                                  {pd product} {ergonomic}

Logging:
Log output configuration:
 #0: stdout all=warning uptime,level,tags
 #1: stderr all=off uptime,level,tags

Environment Variables:
JAVA_HOME=C:\Program Files (x86)\Java\jdk1.8.0_121
PATH=C:/gg/sts-4.8.0.RELEASE//plugins/org.eclipse.justj.openjdk.hotspot.jre.full.win32.x86_64_14.0.2.v20200815-0932/jre/bin/server;C:/gg/sts-4.8.0.RELEASE//plugins/org.eclipse.justj.openjdk.hotspot.jre.full.win32.x86_64_14.0.2.v20200815-0932/jre/bin;C:\Program Files (x86)\Java\jdk1.8.0_121\bin;C:\ProgramData\Oracle\Java\javapath;C:\Windows\system32;C:\Windows;C:\Windows\System32\Wbem;C:\Windows\System32\WindowsPowerShell\v1.0\;C:\Windows\System32\OpenSSH\;C:\Program Files\Microsoft SQL Server\Client SDK\ODBC\170\Tools\Binn\;C:\Program Files (x86)\Microsoft SQL Server\150\Tools\Binn\;C:\Program Files\Microsoft SQL Server\150\Tools\Binn\;C:\Program Files\Microsoft SQL Server\150\DTS\Binn\;C:\Program Files\Microsoft SQL Server\130\Tools\Binn\;C:\Program Files\Git\cmd;C:\Users\hp\AppData\Local\Microsoft\WindowsApps;;C:\Program Files\JetBrains\IntelliJ IDEA 2020.3.1\bin;;C:\Program Files\JetBrains\IntelliJ IDEA Community Edition 2020.3.1\bin;;C:\gg\sts-4.8.0.RELEASE;
USERNAME=hp
OS=Windows_NT
PROCESSOR_IDENTIFIER=Intel64 Family 6 Model 55 Stepping 3, GenuineIntel



---------------  S Y S T E M  ---------------

OS: Windows 10 , 64 bit Build 17763 (10.0.17763.379)
OS uptime: 0 days 3:38 hours

CPU:total 2 (initial active 2) (2 cores per cpu, 1 threads per core) family 6 model 55 stepping 3, cmov, cx8, fxsr, mmx, sse, sse2, sse3, ssse3, sse4.1, sse4.2, popcnt, clmul, erms, 3dnowpref, tsc, tscinvbit

Memory: 4k page, system-wide physical 1925M (197M free)
TotalPageFile size 7813M (AvailPageFile size 78M)
current process WorkingSet (physical memory assigned to process): 22M, peak: 22M
current process commit charge ("private bytes"): 89M, peak: 89M

vm_info: OpenJDK 64-Bit Server VM (14.0.2+12-46) for windows-amd64 JRE (14.0.2+12-46), built on Jul  9 2020 00:31:16 by "mach5one" with MS VC++ 15.9 (VS2017)

END.
